#
# A fatal error has been detected by the Java Runtime Environment:
#
#  EXCEPTION_IN_PAGE_ERROR (0xc0000006) at pc=0x6d4a67d0, pid=3212, tid=2196
#
# JRE version: Java(TM) SE Runtime Environment (8.0_40-b26) (build 1.8.0_40-b26)
# Java VM: Java HotSpot(TM) Client VM (25.40-b25 mixed mode windows-x86 )
# Problematic frame:
# V  [jvm.dll+0x2467d0]
#
# Failed to write core dump. Minidumps are not enabled by default on client versions of Windows
#
# If you would like to submit a bug report, please visit:
#   http://bugreport.java.com/bugreport/crash.jsp
#

---------------  T H R E A D  ---------------

Current thread (0x132c7000):  JavaThread "BlueJ worker thread" [_thread_in_vm, id=2196, stack(0x137c0000,0x13810000)]

siginfo: ExceptionCode=0xc0000006, ExceptionInformation=0x00000008 0x6d4a67d0 0xc0000098 

Registers:
EAX=0x00000000, EBX=0x00000000, ECX=0x003f50f0, EDX=0x132c7000
ESP=0x1380f954, EBP=0x1380f990, ESI=0x132c7000, EDI=0x132c7000
EIP=0x6d4a67d0, EFLAGS=0x00010246

Top of Stack: (sp=0x1380f954)
0x1380f954:   6d3bcdbe 6d3b5265 132c7000 12fa91e8
0x1380f964:   12fa91e8 12fa9100 1380f95c 00000000
0x1380f974:   00000000 00000000 00000000 fffffffe
0x1380f984:   1380f994 6d267014 132c7000 1380f9b0
0x1380f994:   6d35d912 132c7000 132c7000 00000006
0x1380f9a4:   132c7000 12fa91e8 12fa91e8 1380f9f0
0x1380f9b4:   6daf4ff3 00000000 009bfb71 132c7140
0x1380f9c4:   1380f9f8 00000000 009bf726 1380f9d0 

Instructions: (pc=0x6d4a67d0)
0x6d4a67b0:   
[error occurred during error reporting (printing registers, top of stack, instructions near pc), id 0xc0000006]

Register to memory mapping:

EAX=0x00000000 is an unknown value
EBX=0x00000000 is an unknown value
ECX=0x003f50f0 is an unknown value
EDX=0x132c7000 is a thread
ESP=0x1380f954 is pointing into the stack for thread: 0x132c7000
EBP=0x1380f990 is pointing into the stack for thread: 0x132c7000
ESI=0x132c7000 is a thread
EDI=0x132c7000 is a thread


Stack: [0x137c0000,0x13810000],  sp=0x1380f954,  free space=318k
Native frames: (J=compiled Java code, j=interpreted, Vv=VM code, C=native code)
V  [jvm.dll+0x2467d0]
V  [jvm.dll+0xfd912]
C  [java.dll+0x4ff3]
j  java.lang.Shutdown.halt(I)V+7
j  java.lang.Shutdown.exit(I)V+99
j  java.lang.Runtime.exit(I)V+14
j  java.lang.System.exit(I)V+4
j  bluej.runtime.ExecServer$1.run()V+138
v  ~StubRoutines::call_stub
V  [jvm.dll+0x155c05]
V  [jvm.dll+0x21b0be]
V  [jvm.dll+0x155c9e]
V  [jvm.dll+0x155e26]
V  [jvm.dll+0x155e97]
V  [jvm.dll+0xfafaf]
V  [jvm.dll+0x178f3c]
V  [jvm.dll+0x17902a]
V  [jvm.dll+0x1bd616]
C  [msvcr100.dll+0x5c556]
C  [msvcr100.dll+0x5c600]
C  [kernel32.dll+0xb729]
C  0x00000000

Java frames: (J=compiled Java code, j=interpreted, Vv=VM code)
j  java.lang.Shutdown.halt0(I)V+0
j  java.lang.Shutdown.halt(I)V+7
j  java.lang.Shutdown.exit(I)V+99
j  java.lang.Runtime.exit(I)V+14
j  java.lang.System.exit(I)V+4
j  bluej.runtime.ExecServer$1.run()V+138
v  ~StubRoutines::call_stub

---------------  P R O C E S S  ---------------

Java Threads: ( => current thread )
  0x13267800 JavaThread "main" [_thread_blocked, id=3624, stack(0x13770000,0x137c0000)]
  0x003f9c00 JavaThread "DestroyJavaVM" [_thread_blocked, id=3240, stack(0x00930000,0x00980000)]
=>0x132c7000 JavaThread "BlueJ worker thread" [_thread_in_vm, id=2196, stack(0x137c0000,0x13810000)]
  0x132bfc00 JavaThread "AWT-Windows" daemon [_thread_in_native, id=2136, stack(0x136d0000,0x13720000)]
  0x132bcc00 JavaThread "Java2D Disposer" daemon [_thread_blocked, id=3220, stack(0x13630000,0x13680000)]
  0x131ab000 JavaThread "Service Thread" daemon [_thread_blocked, id=3744, stack(0x13590000,0x135e0000)]
  0x13195c00 JavaThread "C1 CompilerThread0" daemon [_thread_blocked, id=2780, stack(0x13540000,0x13590000)]
  0x1318d000 JavaThread "JDWP Event Helper Thread" daemon [_thread_blocked, id=2904, stack(0x134a0000,0x134f0000)]
  0x1317e800 JavaThread "Attach Listener" daemon [_thread_blocked, id=3188, stack(0x13400000,0x13450000)]
  0x1317a400 JavaThread "Signal Dispatcher" daemon [_thread_blocked, id=1752, stack(0x133b0000,0x13400000)]
  0x02b2f400 JavaThread "Finalizer" daemon [_thread_blocked, id=3072, stack(0x13360000,0x133b0000)]
  0x02b2a800 JavaThread "Reference Handler" daemon [_thread_blocked, id=1340, stack(0x13110000,0x13160000)]

Other Threads:
  0x02b27000 VMThread [stack: 0x130c0000,0x13110000] [id=3244]

VM state:not at safepoint (normal execution)

VM Mutex/Monitor currently owned by a thread: None

Heap:
 def new generation   total 4928K, used 826K [0x02c00000, 0x03150000, 0x08150000)
  eden space 4416K,   7% used [0x02c00000, 0x02c4e8b0, 0x03050000)
  from space 512K, 100% used [0x030d0000, 0x03150000, 0x03150000)
  to   space 512K,   0% used [0x03050000, 0x03050000, 0x030d0000)
 tenured generation   total 10944K, used 279K [0x08150000, 0x08c00000, 0x12c00000)
   the space 10944K,   2% used [0x08150000, 0x08195e20, 0x08196000, 0x08c00000)
 Metaspace       used 3316K, capacity 3466K, committed 3520K, reserved 4480K

Card table byte_map: [0x02b30000,0x02bc0000] byte_map_base: 0x02b1a000

Polling page: 0x00980000

CodeCache: size=32768Kb used=757Kb max_used=757Kb free=32010Kb
 bounds [0x009b0000, 0x00a70000, 0x029b0000]
 total_blobs=261 nmethods=102 adapters=98
 compilation: enabled

Compilation events (10 events):
Event: 1.461 Thread 0x13195c00   97             jdk.internal.org.objectweb.asm.ByteVector::putByte (39 bytes)
Event: 1.462 Thread 0x13195c00 nmethod 97 0x00a6c148 code [0x00a6c250, 0x00a6c34c]
Event: 1.463 Thread 0x13195c00   98             jdk.internal.org.objectweb.asm.ClassWriter::newUTF8 (70 bytes)
Event: 1.464 Thread 0x13195c00 nmethod 98 0x00a6c448 code [0x00a6c590, 0x00a6c768]
Event: 1.465 Thread 0x13195c00   99             java.lang.String::getChars (62 bytes)
Event: 1.466 Thread 0x13195c00 nmethod 99 0x00a6c948 code [0x00a6caa0, 0x00a6ccf0]
Event: 1.466 Thread 0x13195c00  100             java.lang.AbstractStringBuilder::append (50 bytes)
Event: 1.466 Thread 0x13195c00 nmethod 100 0x00a6cf88 code [0x00a6d0a0, 0x00a6d1e4]
Event: 1.477 Thread 0x13195c00  101             java.lang.StringBuilder::append (8 bytes)
Event: 1.477 Thread 0x13195c00 nmethod 101 0x00a6d348 code [0x00a6d440, 0x00a6d4dc]

GC Heap History (2 events):
Event: 418.459 GC heap before
{Heap before GC invocations=0 (full 0):
 def new generation   total 4928K, used 4416K [0x02c00000, 0x03150000, 0x08150000)
  eden space 4416K, 100% used [0x02c00000, 0x03050000, 0x03050000)
  from space 512K,   0% used [0x03050000, 0x03050000, 0x030d0000)
  to   space 512K,   0% used [0x030d0000, 0x030d0000, 0x03150000)
 tenured generation   total 10944K, used 0K [0x08150000, 0x08c00000, 0x12c00000)
   the space 10944K,   0% used [0x08150000, 0x08150000, 0x08150200, 0x08c00000)
 Metaspace       used 3315K, capacity 3466K, committed 3520K, reserved 4480K
Event: 418.468 GC heap after
Heap after GC invocations=1 (full 0):
 def new generation   total 4928K, used 512K [0x02c00000, 0x03150000, 0x08150000)
  eden space 4416K,   0% used [0x02c00000, 0x02c00000, 0x03050000)
  from space 512K, 100% used [0x030d0000, 0x03150000, 0x03150000)
  to   space 512K,   0% used [0x03050000, 0x03050000, 0x030d0000)
 tenured generation   total 10944K, used 279K [0x08150000, 0x08c00000, 0x12c00000)
   the space 10944K,   2% used [0x08150000, 0x08195e20, 0x08196000, 0x08c00000)
 Metaspace       used 3315K, capacity 3466K, committed 3520K, reserved 4480K
}

Deoptimization events (0 events):
No events

Internal exceptions (10 events):
Event: 0.327 Thread 0x003f9c00 Exception <a 'java/lang/NoSuchMethodError': Method sun.misc.Unsafe.defineClass(Ljava/lang/String;[BII)Ljava/lang/Class; name or signature does not match> (0x02c0b3c0) thrown at [C:\re\workspace\8-2-build-windows-i586-cygwin\jdk8u40\3098\hotspot\src\share\v,óêqmÓ‘?
Event: 0.327 Thread 0x003f9c00 Exception <a 'java/lang/NoSuchMethodError': Method sun.misc.Unsafe.prefetchRead(Ljava/lang/Object;J)V name or signature does not match> (0x02c0b640) thrown at [C:\re\workspace\8-2-build-windows-i586-cygwin\jdk8u40\3098\hotspot\src\share\vm\prims\jni.cpp, l8Ì<óÙ?
Event: 1.287 Thread 0x003f9c00 Exception <a 'java/security/PrivilegedActionException'> (0x02d035a8) thrown at [C:\re\workspace\8-2-build-windows-i586-cygwin\jdk8u40\3098\hotspot\src\share\vm\prims\jvm.cpp, line 1382]
Event: 1.287 Thread 0x003f9c00 Exception <a 'java/security/PrivilegedActionException'> (0x02d03758) thrown at [C:\re\workspace\8-2-build-windows-i586-cygwin\jdk8u40\3098\hotspot\src\share\vm\prims\jvm.cpp, line 1382]
Event: 1.296 Thread 0x003f9c00 Exception <a 'java/security/PrivilegedActionException'> (0x02d056c0) thrown at [C:\re\workspace\8-2-build-windows-i586-cygwin\jdk8u40\3098\hotspot\src\share\vm\prims\jvm.cpp, line 1382]
Event: 1.296 Thread 0x003f9c00 Exception <a 'java/security/PrivilegedActionException'> (0x02d05870) thrown at [C:\re\workspace\8-2-build-windows-i586-cygwin\jdk8u40\3098\hotspot\src\share\vm\prims\jvm.cpp, line 1382]
Event: 1.310 Thread 0x003f9c00 Exception <a 'java/io/FileNotFoundException'> (0x02d075a8) thrown at [C:\re\workspace\8-2-build-windows-i586-cygwin\jdk8u40\3098\hotspot\src\share\vm\prims\jni.cpp, line 709]
Event: 1.445 Thread 0x003f9c00 Exception <a 'java/lang/NoSuchFieldError': method resolution failed> (0x02dd6d58) thrown at [C:\re\workspace\8-2-build-windows-i586-cygwin\jdk8u40\3098\hotspot\src\share\vm\prims\methodHandles.cpp, line 1125]
Event: 1.448 Thread 0x003f9c00 Exception <a 'java/lang/NoSuchFieldError': method resolution failed> (0x02de45f0) thrown at [C:\re\workspace\8-2-build-windows-i586-cygwin\jdk8u40\3098\hotspot\src\share\vm\prims\methodHandles.cpp, line 1125]
Event: 727.145 Thread 0x132c7000 Exception <a 'java/lang/NoClassDefFoundError': java/util/IdentityHashMap$KeySet> (0x02c23e28) thrown at [C:\re\workspace\8-2-build-windows-i586-cygwin\jdk8u40\3098\hotspot\src\share\vm\classfile\systemDictionary.cpp, line 208]

Events (10 events):
Event: 724.697 Thread 0x132ce400 Thread exited: 0x132ce400
Event: 727.144 Executing VM operation: ChangeBreakpoints
Event: 727.144 Executing VM operation: ChangeBreakpoints done
Event: 727.144 Executing VM operation: ChangeBreakpoints
Event: 727.144 Executing VM operation: ChangeBreakpoints done
Event: 727.144 Executing VM operation: ChangeBreakpoints
Event: 727.144 Executing VM operation: ChangeBreakpoints done
Event: 727.144 loading class java/util/IdentityHashMap$KeySet
Event: 727.144 loading class java/util/IdentityHashMap$KeySet done
Event: 727.146 Thread 0x1318ac00 Thread exited: 0x1318ac00


Dynamic libraries:
0x00400000 - 0x00433000 	E:\BlueJ\jdk\jre\bin\java.exe
0x7c900000 - 0x7c9b2000 	C:\WINDOWS\system32\ntdll.dll
0x7c800000 - 0x7c8f6000 	C:\WINDOWS\system32\kernel32.dll
0x77dd0000 - 0x77e6b000 	C:\WINDOWS\system32\ADVAPI32.dll
0x77e70000 - 0x77f03000 	C:\WINDOWS\system32\RPCRT4.dll
0x77fe0000 - 0x77ff1000 	C:\WINDOWS\system32\Secur32.dll
0x7e410000 - 0x7e4a1000 	C:\WINDOWS\system32\USER32.dll
0x77f10000 - 0x77f59000 	C:\WINDOWS\system32\GDI32.dll
0x773d0000 - 0x774d3000 	C:\WINDOWS\WinSxS\x86_Microsoft.Windows.Common-Controls_6595b64144ccf1df_6.0.2600.6028_x-ww_61e65202\COMCTL32.dll
0x77c10000 - 0x77c68000 	C:\WINDOWS\system32\msvcrt.dll
0x77f60000 - 0x77fd6000 	C:\WINDOWS\system32\SHLWAPI.dll
0x76390000 - 0x763ad000 	C:\WINDOWS\system32\IMM32.DLL
0x6fa00000 - 0x6fa3c000 	C:\PROGRA~1\Sophos\SOPHOS~1\SOPHOS~1.DLL
0x76bf0000 - 0x76bfb000 	C:\WINDOWS\system32\PSAPI.DLL
0x78aa0000 - 0x78b5f000 	E:\BlueJ\jdk\jre\bin\msvcr100.dll
0x6d260000 - 0x6d620000 	E:\BlueJ\jdk\jre\bin\client\jvm.dll
0x71ad0000 - 0x71ad9000 	C:\WINDOWS\system32\WSOCK32.dll
0x71ab0000 - 0x71ac7000 	C:\WINDOWS\system32\WS2_32.dll
0x71aa0000 - 0x71aa8000 	C:\WINDOWS\system32\WS2HELP.dll
0x76b40000 - 0x76b6d000 	C:\WINDOWS\system32\WINMM.dll
0x77c00000 - 0x77c08000 	C:\WINDOWS\system32\VERSION.dll
0x6f6f0000 - 0x6f6fc000 	E:\BlueJ\jdk\jre\bin\verify.dll
0x6daf0000 - 0x6db11000 	E:\BlueJ\jdk\jre\bin\java.dll
0x6dc70000 - 0x6dc99000 	E:\BlueJ\jdk\jre\bin\jdwp.dll
0x6eec0000 - 0x6eec7000 	E:\BlueJ\jdk\jre\bin\npt.dll
0x6f780000 - 0x6f793000 	E:\BlueJ\jdk\jre\bin\zip.dll
0x7c9c0000 - 0x7d1d7000 	C:\WINDOWS\system32\SHELL32.dll
0x769c0000 - 0x76a74000 	C:\WINDOWS\system32\USERENV.dll
0x6d890000 - 0x6d899000 	E:\BlueJ\jdk\jre\bin\dt_shmem.dll
0x6d100000 - 0x6d245000 	E:\BlueJ\jdk\jre\bin\awt.dll
0x77120000 - 0x771ab000 	C:\WINDOWS\system32\OLEAUT32.dll
0x774e0000 - 0x7761e000 	C:\WINDOWS\system32\ole32.dll
0x5ad70000 - 0x5ada8000 	C:\WINDOWS\system32\uxtheme.dll
0x755c0000 - 0x755ee000 	C:\WINDOWS\system32\msctfime.ime
0x59a60000 - 0x59b01000 	C:\WINDOWS\system32\dbghelp.dll

VM Arguments:
jvm_args: -ea -Djavafx.macosx.embedded=true -agentlib:jdwp=transport=dt_shmem,address=javadebug 
java_command: bluej.runtime.ExecServer UTF-8
java_class_path (initial): E:\BlueJ\lib\bluejcore.jar;E:\BlueJ\lib\junit-4.8.2.jar
Launcher Type: SUN_STANDARD

Environment Variables:
CLASSPATH=.;C:\Program Files\Java\jre6\lib\ext\QTJava.zip
PATH=C:\WINDOWS\system32;C:\WINDOWS;C:\WINDOWS\System32\Wbem;C:\Program Files\ATI Technologies\ATI.ACE\Core-Static;C:\WINDOWS\system32\nls;C:\WINDOWS\system32\nls\ENGLISH;C:\Program Files\Novell\ZENworks\;C:\Program Files\QuickTime\QTSystem\
USERNAME=student
OS=Windows_NT
PROCESSOR_IDENTIFIER=x86 Family 16 Model 6 Stepping 3, AuthenticAMD



---------------  S Y S T E M  ---------------

OS: Windows 5.1 Build 2600 (5.1.2600.5781)

CPU:total 2 (2 cores per cpu, 1 threads per core) family 16 model 6 stepping 3, cmov, cx8, fxsr, mmx, sse, sse2, sse3, popcnt, mmxext, 3dnowpref, lzcnt, sse4a, tsc, tscinvbit, tscinv

Memory: 4k page, physical 2873708k(2278672k free), swap 4806428k(4339836k free)

vm_info: Java HotSpot(TM) Client VM (25.40-b25) for windows-x86 JRE (1.8.0_40-b26), built on Mar  7 2015 13:51:08 by "java_re" with MS VC++ 10.0 (VS2010)

time: Mon Nov 02 15:18:37 2015
elapsed time: 727 seconds (0d 0h 12m 7s)

